╰─ ./target/release/termux-linux-install
  _____
 |_   _|__ _ __ _ __ ___  _   ___  __
   | |/ _ \ '__| '_ ` _ \| | | \/ /
   | |  __/ |  | | | | | | |_| |>  <
   |_|\___|_|  |_| |_| |_|\__,_|_/\_\


 1. 安装系统         2. 卸载系统
 3. 查询已安装系统   4. 退出脚本


请选择要执行的操作: 1
请选择要安装的Linux发行版:
 1. Ubuntu
 2. Kali
 3. Debian
 4. CentOS
 5. Fedora
请选择: 3
请输入系统名称 (留空使用默认): Ne
请选择安装模式:
 1. 最小化安装
 2. 标准安装
 3. 自定义安装
请选择: 3
生成的实例ID: debian3
生成的实例ID: debian3
系统名称: Ne

正在从码云下载 Rootfs 镜像文件，请耐心等待
镜像目录已存在，跳过下载

正在解压镜像 请耐心等待
安装目录: "/data/data/com.termux/files/home/Ostermux/debian3"
文件系统目录: "/data/data/com.termux/files/home/Ostermux/debian3/filesys"
执行解压命令: proot --link2symlink tar -C /data/data/com.termux/files/home/Ostermux/debian3/filesys --warning=no-unknown-keyword --delay-directory-restore --preserve-permissions --strip=1 -xJf termux-debian/debian-rootfs-arm64.tar.xz 2>&1 | grep -v "/linkerconfig/" >&2
Error: "命令执行失败: bash -c 'proot --link2symlink tar -C /data/data/com.termux/files/home/Ostermux/debian3/filesys --warning=no-unknown-keyword --delay-directory-restore --preserve-permissions --strip=1 -xJf termux-debian/debian-rootfs-arm64.tar.xz 2>&1 | grep -v \"/linkerconfig/\" >&2'\nstdout: \nstderr: "