❯ ./target/release/termux-linux-install
  _____
 |_   _|__ _ __ _ __ ___  _   ___  __
   | |/ _ \ '__| '_ ` _ \| | | \/ /
   | |  __/ |  | | | | | | |_| |>  <
   |_|\___|_|  |_| |_| |_|\__,_|_/\_\


 1. 安装系统         2. 卸载系统
 3. 查询已安装系统   4. 退出脚本


请选择要执行的操作: 1
请选择要安装的Linux发行版:
 1. Ubuntu
 2. Kali
 3. Debian
 4. CentOS
 5. Fedora
请选择: 3
请输入系统名称 (留空使用默认): 你好
请选择安装模式:
 1. 最小化安装
 2. 标准安装
 3. 自定义安装
请选择: 2
已安装的系统: []
基础名称: debian
尝试实例ID: debian1
找到可用的实例ID: debian1
生成的实例ID: debian1
系统名称: 你好

正在从码云下载 Rootfs 镜像文件，请耐心等待

